<?xml version="1.0" encoding="UTF-8"?>
<testng-results ignored="0" total="1" passed="0" failed="1" skipped="0">
  <reporter-output>
  </reporter-output>
  <suite started-at="2023-10-28T21:04:02 IST" name="Default suite" finished-at="2023-10-28T21:04:04 IST" duration-ms="2384">
    <groups>
    </groups>
    <test started-at="2023-10-28T21:04:02 IST" name="Default test" finished-at="2023-10-28T21:04:04 IST" duration-ms="2384">
      <class name="framework.base_classfb">
        <test-method signature="run()[pri:0, instance:framework.base_classfb@3cebbb30]" started-at="2023-10-28T21:04:02 IST" name="run" finished-at="2023-10-28T21:04:04 IST" duration-ms="2296" status="FAIL">
          <exception class="org.openqa.selenium.SessionNotCreatedException">
            <message>
              <![CDATA[session not created: This version of ChromeDriver only supports Chrome version 116
Current browser version is 118.0.5993.90 with binary path C:\Program Files\Google\Chrome\Application\chrome.exe
Build info: version: '3.141.59', revision: 'e82be7d358', time: '2018-11-14T08:25:53'
System info: host: 'DESKTOP-42ETCJQ', ip: '192.168.43.236', os.name: 'Windows 10', os.arch: 'amd64', os.version: '10.0', java.version: '17.0.7'
Driver info: driver.version: ChromeDriver
remote stacktrace: GetHandleVerifier [0x00007FF6CB6352A2+57122]
(No symbol) [0x00007FF6CB5AEA92]
(No symbol) [0x00007FF6CB47E3AB]
(No symbol) [0x00007FF6CB4A9FF5]
(No symbol) [0x00007FF6CB4A5237]
(No symbol) [0x00007FF6CB4A2FE1]
(No symbol) [0x00007FF6CB4DEA4F]
(No symbol) [0x00007FF6CB4DE5B0]
(No symbol) [0x00007FF6CB4D6DB3]
(No symbol) [0x00007FF6CB4AD2B1]
(No symbol) [0x00007FF6CB4AE494]
GetHandleVerifier [0x00007FF6CB8DEF82+2849794]
GetHandleVerifier [0x00007FF6CB931D24+3189156]
GetHandleVerifier [0x00007FF6CB92ACAF+3160367]
GetHandleVerifier [0x00007FF6CB6C6D06+653702]
(No symbol) [0x00007FF6CB5BA208]
(No symbol) [0x00007FF6CB5B62C4]
(No symbol) [0x00007FF6CB5B63F6]
(No symbol) [0x00007FF6CB5A67A3]
BaseThreadInitThunk [0x00007FF932D77344+20]
RtlUserThreadStart [0x00007FF9347A26B1+33]
]]>
            </message>
            <full-stacktrace>
              <![CDATA[org.openqa.selenium.SessionNotCreatedException: session not created: This version of ChromeDriver only supports Chrome version 116
Current browser version is 118.0.5993.90 with binary path C:\Program Files\Google\Chrome\Application\chrome.exe
Build info: version: '3.141.59', revision: 'e82be7d358', time: '2018-11-14T08:25:53'
System info: host: 'DESKTOP-42ETCJQ', ip: '192.168.43.236', os.name: 'Windows 10', os.arch: 'amd64', os.version: '10.0', java.version: '17.0.7'
Driver info: driver.version: ChromeDriver
remote stacktrace: GetHandleVerifier [0x00007FF6CB6352A2+57122]
(No symbol) [0x00007FF6CB5AEA92]
(No symbol) [0x00007FF6CB47E3AB]
(No symbol) [0x00007FF6CB4A9FF5]
(No symbol) [0x00007FF6CB4A5237]
(No symbol) [0x00007FF6CB4A2FE1]
(No symbol) [0x00007FF6CB4DEA4F]
(No symbol) [0x00007FF6CB4DE5B0]
(No symbol) [0x00007FF6CB4D6DB3]
(No symbol) [0x00007FF6CB4AD2B1]
(No symbol) [0x00007FF6CB4AE494]
GetHandleVerifier [0x00007FF6CB8DEF82+2849794]
GetHandleVerifier [0x00007FF6CB931D24+3189156]
GetHandleVerifier [0x00007FF6CB92ACAF+3160367]
GetHandleVerifier [0x00007FF6CB6C6D06+653702]
(No symbol) [0x00007FF6CB5BA208]
(No symbol) [0x00007FF6CB5B62C4]
(No symbol) [0x00007FF6CB5B63F6]
(No symbol) [0x00007FF6CB5A67A3]
BaseThreadInitThunk [0x00007FF932D77344+20]
RtlUserThreadStart [0x00007FF9347A26B1+33]

at java.base/jdk.internal.reflect.NativeConstructorAccessorImpl.newInstance0(Native Method)
at java.base/jdk.internal.reflect.NativeConstructorAccessorImpl.newInstance(NativeConstructorAccessorImpl.java:77)
at java.base/jdk.internal.reflect.DelegatingConstructorAccessorImpl.newInstance(DelegatingConstructorAccessorImpl.java:45)
at java.base/java.lang.reflect.Constructor.newInstanceWithCaller(Constructor.java:499)
at java.base/java.lang.reflect.Constructor.newInstance(Constructor.java:480)
at org.openqa.selenium.remote.W3CHandshakeResponse.lambda$errorHandler$0(W3CHandshakeResponse.java:62)
at org.openqa.selenium.remote.HandshakeResponse.lambda$getResponseFunction$0(HandshakeResponse.java:30)
at org.openqa.selenium.remote.ProtocolHandshake.lambda$createSession$0(ProtocolHandshake.java:126)
at java.base/java.util.stream.ReferencePipeline$3$1.accept(ReferencePipeline.java:197)
at java.base/java.util.Spliterators$ArraySpliterator.tryAdvance(Spliterators.java:1002)
at java.base/java.util.stream.ReferencePipeline.forEachWithCancel(ReferencePipeline.java:129)
at java.base/java.util.stream.AbstractPipeline.copyIntoWithCancel(AbstractPipeline.java:527)
at java.base/java.util.stream.AbstractPipeline.copyInto(AbstractPipeline.java:513)
at java.base/java.util.stream.AbstractPipeline.wrapAndCopyInto(AbstractPipeline.java:499)
at java.base/java.util.stream.FindOps$FindOp.evaluateSequential(FindOps.java:150)
at java.base/java.util.stream.AbstractPipeline.evaluate(AbstractPipeline.java:234)
at java.base/java.util.stream.ReferencePipeline.findFirst(ReferencePipeline.java:647)
at org.openqa.selenium.remote.ProtocolHandshake.createSession(ProtocolHandshake.java:128)
at org.openqa.selenium.remote.ProtocolHandshake.createSession(ProtocolHandshake.java:74)
at org.openqa.selenium.remote.HttpCommandExecutor.execute(HttpCommandExecutor.java:136)
at org.openqa.selenium.remote.service.DriverCommandExecutor.execute(DriverCommandExecutor.java:83)
at org.openqa.selenium.remote.RemoteWebDriver.execute(RemoteWebDriver.java:552)
at org.openqa.selenium.remote.RemoteWebDriver.startSession(RemoteWebDriver.java:213)
at org.openqa.selenium.remote.RemoteWebDriver.<init>(RemoteWebDriver.java:131)
at org.openqa.selenium.chrome.ChromeDriver.<init>(ChromeDriver.java:181)
at org.openqa.selenium.chrome.ChromeDriver.<init>(ChromeDriver.java:168)
at org.openqa.selenium.chrome.ChromeDriver.<init>(ChromeDriver.java:123)
at framework.base_classfb.run(base_classfb.java:13)
at java.base/jdk.internal.reflect.NativeMethodAccessorImpl.invoke0(Native Method)
at java.base/jdk.internal.reflect.NativeMethodAccessorImpl.invoke(NativeMethodAccessorImpl.java:77)
at java.base/jdk.internal.reflect.DelegatingMethodAccessorImpl.invoke(DelegatingMethodAccessorImpl.java:43)
at java.base/java.lang.reflect.Method.invoke(Method.java:568)
at org.testng.internal.invokers.MethodInvocationHelper.invokeMethod(MethodInvocationHelper.java:139)
at org.testng.internal.invokers.TestInvoker.invokeMethod(TestInvoker.java:664)
at org.testng.internal.invokers.TestInvoker.invokeTestMethod(TestInvoker.java:227)
at org.testng.internal.invokers.MethodRunner.runInSequence(MethodRunner.java:50)
at org.testng.internal.invokers.TestInvoker$MethodInvocationAgent.invoke(TestInvoker.java:957)
at org.testng.internal.invokers.TestInvoker.invokeTestMethods(TestInvoker.java:200)
at org.testng.internal.invokers.TestMethodWorker.invokeTestMethods(TestMethodWorker.java:148)
at org.testng.internal.invokers.TestMethodWorker.run(TestMethodWorker.java:128)
at java.base/java.util.ArrayList.forEach(ArrayList.java:1511)
at org.testng.TestRunner.privateRun(TestRunner.java:848)
at org.testng.TestRunner.run(TestRunner.java:621)
at org.testng.SuiteRunner.runTest(SuiteRunner.java:443)
at org.testng.SuiteRunner.runSequentially(SuiteRunner.java:437)
at org.testng.SuiteRunner.privateRun(SuiteRunner.java:397)
at org.testng.SuiteRunner.run(SuiteRunner.java:336)
at org.testng.SuiteRunnerWorker.runSuite(SuiteRunnerWorker.java:52)
at org.testng.SuiteRunnerWorker.run(SuiteRunnerWorker.java:95)
at org.testng.TestNG.runSuitesSequentially(TestNG.java:1280)
at org.testng.TestNG.runSuitesLocally(TestNG.java:1200)
at org.testng.TestNG.runSuites(TestNG.java:1114)
at org.testng.TestNG.run(TestNG.java:1082)
at org.testng.remote.AbstractRemoteTestNG.run(AbstractRemoteTestNG.java:115)
at org.testng.remote.RemoteTestNG.initAndRun(RemoteTestNG.java:251)
at org.testng.remote.RemoteTestNG.main(RemoteTestNG.java:77)
]]>
            </full-stacktrace>
          </exception> <!-- org.openqa.selenium.SessionNotCreatedException -->
          <reporter-output>
          </reporter-output>
        </test-method> <!-- run -->
      </class> <!-- framework.base_classfb -->
    </test> <!-- Default test -->
  </suite> <!-- Default suite -->
</testng-results>
